conv1a CPU 3140
pool1 CPU 767
conv2a CPU 14371
pool2 CPU 285
conv3a CPU 2413
conv3b CPU 4447
pool3 CPU 93
conv4a CPU 1425
conv4b CPU 2192
pool4 CPU 38
conv5a CPU 675
conv5b CPU 646
deconv5b CPU 203
predict4b CPU 1283
deconv4b CPU 453
predict3b CPU 4941
deconv3b CPU 8497
predict CPU 30751
conv1a CPU 20232
pool1 CPU 3094
conv2a CPU 23513
pool2 CPU 313
conv3a CPU 6144
conv3b CPU 7131
pool3 CPU 91
conv4a CPU 2444
conv4b CPU 2057
pool4 CPU 37
conv5a CPU 667
conv5b CPU 632
deconv5b CPU 216
predict4b CPU 2614
deconv4b CPU 449
predict3b CPU 7523
deconv3b CPU 21582
predict CPU 38946
conv1 CPU 2794
res2a_branch1 CPU 475
res2a_branch2a CPU 9702
res2a_branch2b CPU 9740
res2b_branch2a CPU 9909
res2b_branch2b CPU 10454
res3a_branch1 CPU 94
res3a_branch2a CPU 1823
res3a_branch2b CPU 3305
